<?xml version="1.0" encoding="UTF-8"?>
<!-- Generated by org.testng.reporters.JUnitReportReporter -->
<testsuite skipped="0" hostname="Mirouflyers-MacBook-Pro.local" name="title.TitleTest" tests="1" failures="0" timestamp="13 Mar 2019 22:19:20 GMT" time="5.405" errors="0">
  <testcase name="test" time="5.405" classname="title.TitleTest"/>
</testsuite> <!-- title.TitleTest -->
